<?xml version="1.0" encoding="UTF-8"?>
<testsuites name="Mocha Tests" time="0.0450" tests="14" failures="1">
  <testsuite name="Root Suite" timestamp="2020-11-14T12:34:43" tests="0" time="0.0000" failures="0">
  </testsuite>
  <testsuite name="Dao.js" timestamp="2020-11-14T12:34:43" tests="0" file="C:\Users\loren\Desktop\PULSBS\server\tests\Test_suite.js" time="0.0000" failures="0">
  </testsuite>
  <testsuite name="login" timestamp="2020-11-14T12:34:43" tests="2" file="C:\Users\loren\Desktop\PULSBS\server\tests\Test_suite.js" time="0.0040" failures="0">
    <testcase name="Dao.js login correct data should perform login" time="0.0030" classname="correct data should perform login">
    </testcase>
    <testcase name="Dao.js login incorrect data should not perform login" time="0.0010" classname="incorrect data should not perform login">
    </testcase>
  </testsuite>
  <testsuite name="addBooking" timestamp="2020-11-14T12:34:43" tests="1" file="C:\Users\loren\Desktop\PULSBS\server\tests\Test_suite.js" time="0.0090" failures="0">
    <testcase name="Dao.js addBooking correct data should insert a new booking" time="0.0090" classname="correct data should insert a new booking">
    </testcase>
  </testsuite>
  <testsuite name="getLecturesByStudent" timestamp="2020-11-14T12:34:43" tests="1" file="C:\Users\loren\Desktop\PULSBS\server\tests\Test_suite.js" time="0.0050" failures="0">
    <testcase name="Dao.js getLecturesByStudent non empty lecture should get the list of students" time="0.0050" classname="non empty lecture should get the list of students">
    </testcase>
  </testsuite>
  <testsuite name="getCoursesByStudent" timestamp="2020-11-14T12:34:43" tests="1" file="C:\Users\loren\Desktop\PULSBS\server\tests\Test_suite.js" time="0.0040" failures="0">
    <testcase name="Dao.js getCoursesByStudent non empty course should get the list of students" time="0.0040" classname="non empty course should get the list of students">
    </testcase>
  </testsuite>
  <testsuite name="getLecturesByCourse" timestamp="2020-11-14T12:34:43" tests="1" file="C:\Users\loren\Desktop\PULSBS\server\tests\Test_suite.js" time="0.0030" failures="0">
    <testcase name="Dao.js getLecturesByCourse non empty course should get the list of lectures" time="0.0030" classname="non empty course should get the list of lectures">
    </testcase>
  </testsuite>
  <testsuite name="getStudentsByLecture" timestamp="2020-11-14T12:34:44" tests="1" file="C:\Users\loren\Desktop\PULSBS\server\tests\Test_suite.js" time="0.0040" failures="1">
    <testcase name="Dao.js getStudentsByLecture non empty lecture should get the list of students" time="0.0040" classname="non empty lecture should get the list of students">
      <failure message="Wrong number of students" type="AssertionError"><![CDATA[AssertionError [ERR_ASSERTION]: Wrong number of students
    at C:\Users\loren\Desktop\PULSBS\server\tests\Test_dao.js:115:28]]></failure>
    </testcase>
  </testsuite>
  <testsuite name="getStudentsByCourse" timestamp="2020-11-14T12:34:44" tests="1" file="C:\Users\loren\Desktop\PULSBS\server\tests\Test_suite.js" time="0.0020" failures="0">
    <testcase name="Dao.js getStudentsByCourse non empty coure should get the list of students" time="0.0020" classname="non empty coure should get the list of students">
    </testcase>
  </testsuite>
  <testsuite name="getLecturesByTeacher" timestamp="2020-11-14T12:34:44" tests="1" file="C:\Users\loren\Desktop\PULSBS\server\tests\Test_suite.js" time="0.0020" failures="0">
    <testcase name="Dao.js getLecturesByTeacher non empty teacher should get the list of lectures" time="0.0020" classname="non empty teacher should get the list of lectures">
    </testcase>
  </testsuite>
  <testsuite name="getCoursesByTeacher" timestamp="2020-11-14T12:34:44" tests="1" file="C:\Users\loren\Desktop\PULSBS\server\tests\Test_suite.js" time="0.0020" failures="0">
    <testcase name="Dao.js getCoursesByTeacher non empty teacher should get the list of courses" time="0.0020" classname="non empty teacher should get the list of courses">
    </testcase>
  </testsuite>
  <testsuite name="_createStudentBookingEmail" timestamp="2020-11-14T12:34:44" tests="1" file="C:\Users\loren\Desktop\PULSBS\server\tests\Test_suite.js" time="0.0000" failures="0">
    <testcase name="Dao.js _createStudentBookingEmail correct data should get a student email" time="0.0000" classname="correct data should get a student email">
    </testcase>
  </testsuite>
  <testsuite name="_createTeacherBookingsEmail" timestamp="2020-11-14T12:34:44" tests="1" file="C:\Users\loren\Desktop\PULSBS\server\tests\Test_suite.js" time="0.0010" failures="0">
    <testcase name="Dao.js _createTeacherBookingsEmail correct data should get a teacher email" time="0.0010" classname="correct data should get a teacher email">
    </testcase>
  </testsuite>
  <testsuite name="_getCurrentAcademicYear" timestamp="2020-11-14T12:34:44" tests="1" file="C:\Users\loren\Desktop\PULSBS\server\tests\Test_suite.js" time="0.0000" failures="0">
    <testcase name="Dao.js _getCurrentAcademicYear should get this year" time="0.0000" classname="should get this year">
    </testcase>
  </testsuite>
  <testsuite name="addEmail" timestamp="2020-11-14T12:34:44" tests="1" file="C:\Users\loren\Desktop\PULSBS\server\tests\Test_suite.js" time="0.0090" failures="0">
    <testcase name="Dao.js addEmail correct data should insert a new email" time="0.0090" classname="correct data should insert a new email">
    </testcase>
  </testsuite>
</testsuites>